<?xml version="1.0" encoding="UTF-8"?>
<testsuite name="com.software.template_certificate.TemplateCertificateApplicationTests" tests="1" skipped="0" failures="0" errors="0" timestamp="2025-02-03T13:55:03" hostname="DESKTOP-IMGPD1O" time="0.969">
  <properties/>
  <testcase name="contextLoads()" classname="com.software.template_certificate.TemplateCertificateApplicationTests" time="0.969"/>
  <system-out><![CDATA[20:54:52.989 [Test worker] INFO org.springframework.test.context.support.AnnotationConfigContextLoaderUtils -- Could not detect default configuration classes for test class [com.software.template_certificate.TemplateCertificateApplicationTests]: TemplateCertificateApplicationTests does not declare any static, non-private, non-final, nested classes annotated with @Configuration.
20:54:53.284 [Test worker] INFO org.springframework.boot.test.context.SpringBootTestContextBootstrapper -- Found @SpringBootConfiguration com.software.template_certificate.TemplateCertificateApplication for test class com.software.template_certificate.TemplateCertificateApplicationTests

  .   ____          _            __ _ _
 /\\ / ___'_ __ _ _(_)_ __  __ _ \ \ \ \
( ( )\___ | '_ | '_| | '_ \/ _` | \ \ \ \
 \\/  ___)| |_)| | | | | || (_| |  ) ) ) )
  '  |____| .__|_| |_|_| |_\__, | / / / /
 =========|_|==============|___/=/_/_/_/

 :: Spring Boot ::                (v3.4.2)

2025-02-03T20:54:54.324+07:00  INFO 19236 --- [template-certificate] [    Test worker] .s.t.TemplateCertificateApplicationTests : Starting TemplateCertificateApplicationTests using Java 17.0.12 with PID 19236 (started by BACH in C:\Users\BACH\Desktop\template_app\template-certificate)
2025-02-03T20:54:54.327+07:00  INFO 19236 --- [template-certificate] [    Test worker] .s.t.TemplateCertificateApplicationTests : No active profile set, falling back to 1 default profile: "default"
2025-02-03T20:54:56.007+07:00  INFO 19236 --- [template-certificate] [    Test worker] .s.d.r.c.RepositoryConfigurationDelegate : Bootstrapping Spring Data JPA repositories in DEFAULT mode.
2025-02-03T20:54:56.154+07:00  INFO 19236 --- [template-certificate] [    Test worker] .s.d.r.c.RepositoryConfigurationDelegate : Finished Spring Data repository scanning in 127 ms. Found 3 JPA repository interfaces.
2025-02-03T20:54:57.622+07:00  INFO 19236 --- [template-certificate] [    Test worker] o.hibernate.jpa.internal.util.LogHelper  : HHH000204: Processing PersistenceUnitInfo [name: default]
2025-02-03T20:54:57.874+07:00  INFO 19236 --- [template-certificate] [    Test worker] org.hibernate.Version                    : HHH000412: Hibernate ORM core version 6.6.5.Final
2025-02-03T20:54:57.980+07:00  INFO 19236 --- [template-certificate] [    Test worker] o.h.c.internal.RegionFactoryInitiator    : HHH000026: Second-level cache disabled
2025-02-03T20:54:59.003+07:00  INFO 19236 --- [template-certificate] [    Test worker] o.s.o.j.p.SpringPersistenceUnitInfo      : No LoadTimeWeaver setup: ignoring JPA class transformer
2025-02-03T20:54:59.079+07:00  INFO 19236 --- [template-certificate] [    Test worker] com.zaxxer.hikari.HikariDataSource       : HikariPool-1 - Starting...
2025-02-03T20:54:59.459+07:00  INFO 19236 --- [template-certificate] [    Test worker] com.zaxxer.hikari.pool.HikariPool        : HikariPool-1 - Added connection conn0: url=jdbc:h2:mem:certificate_of_eligibility user=ROOT
2025-02-03T20:54:59.463+07:00  INFO 19236 --- [template-certificate] [    Test worker] com.zaxxer.hikari.HikariDataSource       : HikariPool-1 - Start completed.
2025-02-03T20:54:59.521+07:00  WARN 19236 --- [template-certificate] [    Test worker] org.hibernate.orm.deprecation            : HHH90000025: H2Dialect does not need to be specified explicitly using 'hibernate.dialect' (remove the property setting and it will be selected by default)
2025-02-03T20:54:59.569+07:00  INFO 19236 --- [template-certificate] [    Test worker] org.hibernate.orm.connections.pooling    : HHH10001005: Database info:
	Database JDBC URL [Connecting through datasource 'HikariDataSource (HikariPool-1)']
	Database driver: undefined/unknown
	Database version: 2.3.232
	Autocommit mode: undefined/unknown
	Isolation level: undefined/unknown
	Minimum pool size: undefined/unknown
	Maximum pool size: undefined/unknown
2025-02-03T20:55:01.388+07:00  INFO 19236 --- [template-certificate] [    Test worker] o.h.e.t.j.p.i.JtaPlatformInitiator       : HHH000489: No JTA platform available (set 'hibernate.transaction.jta.platform' to enable JTA platform integration)
2025-02-03T20:55:01.553+07:00  INFO 19236 --- [template-certificate] [    Test worker] j.LocalContainerEntityManagerFactoryBean : Initialized JPA EntityManagerFactory for persistence unit 'default'
2025-02-03T20:55:02.551+07:00  WARN 19236 --- [template-certificate] [    Test worker] JpaBaseConfiguration$JpaWebConfiguration : spring.jpa.open-in-view is enabled by default. Therefore, database queries may be performed during view rendering. Explicitly configure spring.jpa.open-in-view to disable this warning
2025-02-03T20:55:03.297+07:00  INFO 19236 --- [template-certificate] [    Test worker] o.s.b.a.h2.H2ConsoleAutoConfiguration    : H2 console available at '/h2-console'. Database available at 'jdbc:h2:mem:certificate_of_eligibility'
2025-02-03T20:55:03.438+07:00  INFO 19236 --- [template-certificate] [    Test worker] .s.t.TemplateCertificateApplicationTests : Started TemplateCertificateApplicationTests in 9.773 seconds (process running for 12.366)
]]></system-out>
  <system-err><![CDATA[]]></system-err>
</testsuite>
